time(msec), BW(kbps), read0_write1, offset
250, 144, 0, 0
250, 32, 1, 0
500, 64, 1, 0
750, 32, 1, 0
1000, 16, 1, 0
1250, 32, 0, 0
1250, 32, 1, 0
1500, 32, 0, 0
1500, 144, 1, 0
1750, 32, 0, 0
2000, 128, 0, 0
2500, 128, 1, 0
3000, 32, 0, 0
3250, 48, 0, 0
3750, 128, 0, 0
3750, 64, 1, 0
4000, 16, 1, 0
4250, 32, 1, 0
4500, 128, 0, 0
4500, 64, 1, 0
5001, 31, 1, 0
5250, 128, 1, 0
5500, 32, 0, 0
6000, 64, 0, 0
6250, 128, 0, 0
6250, 64, 1, 0
6750, 32, 1, 0
7000, 64, 1, 0
7250, 64, 0, 0
7500, 48, 1, 0
7750, 32, 0, 0
7750, 16, 1, 0
8000, 32, 0, 0
8000, 32, 1, 0
8250, 32, 0, 0
8250, 64, 1, 0
8500, 16, 0, 0
8750, 32, 0, 0
8750, 128, 1, 0
9000, 128, 0, 0
9750, 32, 1, 0
10000, 32, 0, 0
10000, 32, 1, 0
10250, 48, 0, 0
10250, 32, 1, 0
10500, 64, 0, 0
10500, 64, 1, 0
11000, 128, 0, 0
11000, 48, 1, 0
11250, 128, 1, 0
12000, 128, 0, 0
12250, 16, 1, 0
12501, 127, 1, 0
13000, 16, 0, 0
13250, 32, 0, 0
13500, 128, 0, 0
13500, 48, 1, 0
13750, 16, 1, 0
14000, 32, 1, 0
14250, 64, 1, 0
14500, 80, 0, 0
14750, 16, 1, 0
15000, 64, 0, 0
15000, 160, 1, 0
15501, 31, 0, 0
15750, 16, 0, 0
16000, 48, 0, 0
16000, 16, 1, 0
16250, 32, 0, 0
16250, 128, 1, 0
16500, 64, 0, 0
17000, 32, 0, 0
17250, 32, 0, 0
17250, 32, 1, 0
17500, 64, 0, 0
17500, 32, 1, 0
17751, 63, 1, 0
18000, 128, 0, 0
18250, 32, 1, 0
18500, 32, 1, 0
18750, 64, 1, 0
19000, 64, 0, 0
19250, 128, 1, 0
19500, 32, 0, 0
19750, 128, 0, 0
20250, 128, 1, 0
20750, 64, 0, 0
21250, 64, 0, 0
21250, 128, 1, 0
21750, 128, 0, 0
22251, 31, 1, 0
22500, 128, 1, 0
22750, 32, 0, 0
23000, 16, 0, 0
23250, 32, 0, 0
23500, 32, 0, 0
23500, 32, 1, 0
23751, 143, 0, 0
23751, 47, 1, 0
24000, 32, 1, 0
24250, 64, 1, 0
24750, 64, 0, 0
24750, 128, 1, 0
25250, 32, 0, 0
25500, 128, 0, 0
25750, 16, 1, 0
26000, 80, 1, 0
26500, 32, 0, 0
26500, 32, 1, 0
26750, 64, 0, 0
26750, 64, 1, 0
27250, 16, 0, 0
27250, 16, 1, 0
27500, 32, 0, 0
27500, 144, 1, 0
27750, 128, 0, 0
28500, 16, 1, 0
28750, 128, 0, 0
28750, 32, 1, 0
29000, 64, 1, 0
29500, 128, 1, 0
29750, 32, 0, 0
30000, 64, 0, 0
30500, 32, 0, 0
30500, 16, 1, 0
30750, 32, 0, 0
30750, 128, 1, 0
31000, 32, 0, 0
31250, 16, 0, 0
31500, 80, 0, 0
31500, 32, 1, 0
31750, 128, 1, 0
32000, 64, 0, 0
32500, 32, 0, 0
32750, 32, 0, 0
32750, 16, 1, 0
33000, 64, 0, 0
33000, 64, 1, 0
33500, 80, 0, 0
33500, 32, 1, 0
33750, 128, 1, 0
34000, 16, 0, 0
34250, 128, 0, 0
34750, 64, 1, 0
35250, 128, 0, 0
35250, 32, 1, 0
35500, 128, 1, 0
36250, 64, 0, 0
36500, 144, 1, 0
36750, 128, 0, 0
37500, 32, 1, 0
37750, 32, 0, 0
37750, 32, 1, 0
38000, 32, 0, 0
38000, 64, 1, 0
38250, 80, 0, 0
38500, 64, 1, 0
39000, 64, 0, 0
39000, 32, 1, 0
39250, 16, 0, 0
39250, 16, 1, 0
39500, 32, 0, 0
39500, 32, 1, 0
39750, 128, 0, 0
39750, 144, 1, 0
40750, 64, 0, 0
41000, 128, 1, 0
41250, 32, 0, 0
41501, 63, 0, 0
41750, 16, 1, 0
42000, 32, 0, 0
42000, 64, 1, 0
42250, 32, 0, 0
42500, 128, 0, 0
42500, 64, 1, 0
43000, 32, 1, 0
43250, 128, 1, 0
43500, 32, 0, 0
43750, 16, 0, 0
44000, 48, 0, 0
44250, 144, 0, 0
44250, 32, 1, 0
44501, 47, 1, 0
44750, 32, 1, 0
45000, 32, 1, 0
45500, 160, 0, 0
45500, 128, 1, 0
46250, 32, 1, 0
46500, 128, 0, 0
46500, 16, 1, 0
46750, 32, 1, 0
47000, 32, 1, 0
47250, 32, 1, 0
47500, 32, 0, 0
47501, 64, 1, 0
47750, 32, 0, 0
48000, 32, 0, 0
48000, 144, 1, 0
48500, 48, 0, 0
48750, 128, 0, 0
49250, 160, 1, 0
49750, 16, 0, 0
50000, 64, 0, 0
50250, 64, 0, 0
50250, 32, 1, 0
50501, 31, 1, 0
50750, 32, 0, 0
50750, 32, 1, 0
51000, 16, 0, 0
51000, 128, 1, 0
51250, 32, 0, 0
51500, 32, 0, 0
51750, 32, 0, 0
52000, 16, 0, 0
52000, 32, 1, 0
52250, 128, 0, 0
52250, 64, 1, 0
52751, 127, 1, 0
53000, 64, 0, 0
53500, 32, 0, 0
53750, 32, 0, 0
53750, 64, 1, 0
54000, 128, 0, 0
54250, 128, 1, 0
55000, 32, 0, 0
55250, 32, 0, 0
55250, 64, 1, 0
55500, 16, 0, 0
55750, 64, 0, 0
55750, 32, 1, 0
56250, 64, 0, 0
56250, 128, 1, 0
56750, 32, 0, 0
57000, 48, 0, 0
57000, 64, 1, 0
57250, 64, 0, 0
57500, 64, 1, 0
57750, 32, 0, 0
58000, 128, 0, 0
58000, 32, 1, 0
58250, 32, 1, 0
58500, 128, 1, 0
59250, 64, 0, 0
59500, 16, 0, 0
59500, 32, 1, 0
59750, 128, 0, 0
59750, 16, 1, 0
60000, 32, 1, 0
60250, 128, 1, 0
60750, 64, 0, 0
61250, 32, 0, 0
61250, 32, 1, 0
61500, 144, 0, 0
61500, 64, 1, 0
62000, 64, 1, 0
62500, 64, 0, 0
62500, 64, 1, 0
63000, 32, 0, 0
63000, 64, 1, 0
63250, 32, 0, 0
63500, 32, 1, 0
63750, 160, 0, 0
63750, 80, 1, 0
64500, 48, 1, 0
64750, 16, 0, 0
64750, 32, 1, 0
65000, 32, 0, 0
65000, 64, 1, 0
65250, 64, 0, 0
65500, 64, 1, 0
65750, 32, 0, 0
66000, 32, 0, 0
66000, 64, 1, 0
66250, 144, 0, 0
66500, 32, 1, 0
66750, 80, 1, 0
67500, 64, 0, 0
67500, 80, 1, 0
67750, 32, 0, 0
68000, 32, 1, 0
68250, 48, 0, 0
68250, 32, 1, 0
68500, 64, 0, 0
68500, 48, 1, 0
68750, 16, 1, 0
69000, 32, 0, 0
69000, 48, 1, 0
69250, 32, 0, 0
69250, 64, 1, 0
69500, 32, 0, 0
69750, 32, 0, 0
69750, 32, 1, 0
70000, 80, 0, 0
70000, 64, 1, 0
70500, 128, 0, 0
70500, 32, 1, 0
70750, 16, 1, 0
71000, 144, 1, 0
71500, 32, 0, 0
71750, 64, 0, 0
72000, 32, 1, 0
72250, 32, 0, 0
72250, 32, 1, 0
72500, 128, 0, 0
72500, 64, 1, 0
73000, 32, 1, 0
73250, 16, 1, 0
73500, 32, 0, 0
73500, 144, 1, 0
74000, 80, 0, 0
74500, 128, 0, 0
74500, 128, 1, 0
75500, 128, 0, 0
75500, 32, 1, 0
75750, 32, 1, 0
76250, 96, 1, 0
76500, 32, 0, 0
76750, 32, 0, 0
76750, 128, 1, 0
77000, 16, 0, 0
77250, 64, 0, 0
77500, 128, 0, 0
77750, 32, 1, 0
78000, 16, 1, 0
78250, 32, 1, 0
78500, 16, 1, 0
78750, 48, 0, 0
78750, 64, 1, 0
79000, 64, 0, 0
79000, 128, 1, 0
79500, 144, 0, 0
80001, 32, 1, 0
80250, 64, 1, 0
80500, 32, 0, 0
81000, 64, 0, 0
81000, 64, 1, 0
81250, 64, 0, 0
81250, 128, 1, 0
81750, 64, 0, 0
82500, 64, 0, 0
82500, 64, 1, 0
82750, 64, 0, 0
82750, 128, 1, 0
83250, 64, 0, 0
84000, 64, 0, 0
84000, 128, 1, 0
84250, 32, 0, 0
84750, 160, 0, 0
84750, 128, 1, 0
85750, 32, 0, 0
85750, 32, 1, 0
86250, 48, 0, 0
86250, 160, 1, 0
86500, 64, 0, 0
87000, 80, 0, 0
87250, 64, 1, 0
87750, 160, 0, 0
87750, 16, 1, 0
88000, 128, 1, 0
88750, 128, 0, 0
89000, 64, 1, 0
89500, 64, 1, 0
89750, 32, 0, 0
90000, 32, 0, 0
90000, 128, 1, 0
90250, 64, 0, 0
90750, 16, 0, 0
91000, 32, 0, 0
91000, 32, 1, 0
91250, 32, 0, 0
91250, 32, 1, 0
91500, 64, 0, 0
91500, 32, 1, 0
91750, 32, 1, 0
92000, 32, 0, 0
92000, 32, 1, 0
92250, 32, 0, 0
92250, 32, 1, 0
92500, 128, 0, 0
92500, 32, 1, 0
92750, 128, 1, 0
93500, 64, 0, 0
93750, 64, 1, 0
94000, 32, 0, 0
94250, 32, 0, 0
94250, 32, 1, 0
94500, 128, 0, 0
94500, 32, 1, 0
94750, 128, 1, 0
95500, 128, 0, 0
95750, 128, 1, 0
96500, 32, 0, 0
96750, 32, 0, 0
96750, 32, 1, 0
97000, 64, 0, 0
97000, 32, 1, 0
97250, 32, 1, 0
97500, 32, 0, 0
97500, 48, 1, 0
97750, 64, 0, 0
98000, 128, 1, 0
98250, 32, 0, 0
98500, 64, 0, 0
98750, 64, 1, 0
99000, 32, 0, 0
99250, 48, 0, 0
99250, 16, 1, 0
99500, 32, 0, 0
99500, 32, 1, 0
99750, 16, 0, 0
99750, 128, 1, 0
100000, 128, 0, 0
100750, 128, 1, 0
101000, 32, 0, 0
101250, 32, 0, 0
101500, 128, 0, 0
101750, 128, 1, 0
102500, 128, 0, 0
102750, 16, 1, 0
103000, 128, 1, 0
103500, 128, 0, 0
103750, 32, 1, 0
104000, 32, 1, 0
104250, 32, 1, 0
104500, 48, 0, 0
104500, 32, 1, 0
104750, 32, 0, 0
104750, 64, 1, 0
105250, 64, 0, 0
105250, 32, 1, 0
105500, 16, 0, 0
105500, 64, 1, 0
105750, 32, 0, 0
106000, 32, 0, 0
106000, 16, 1, 0
106250, 32, 0, 0
106250, 32, 1, 0
106500, 64, 0, 0
106500, 64, 1, 0
107000, 64, 0, 0
107000, 64, 1, 0
107500, 32, 0, 0
107500, 32, 1, 0
107750, 64, 0, 0
107750, 128, 1, 0
108250, 128, 0, 0
108750, 32, 1, 0
109000, 128, 1, 0
109250, 32, 0, 0
109500, 128, 0, 0
110001, 63, 1, 0
110500, 128, 0, 0
110500, 64, 1, 0
111000, 48, 1, 0
111250, 32, 1, 0
111500, 32, 0, 0
111500, 32, 1, 0
111750, 32, 0, 0
111750, 32, 1, 0
112000, 48, 0, 0
112000, 64, 1, 0
112250, 16, 0, 0
112500, 64, 0, 0
112500, 128, 1, 0
113000, 64, 0, 0
113500, 128, 0, 0
113750, 128, 1, 0
114500, 48, 0, 0
114500, 32, 1, 0
114750, 16, 0, 0
114750, 32, 1, 0
115000, 64, 0, 0
115000, 32, 1, 0
115500, 32, 0, 0
115500, 64, 1, 0
115750, 64, 0, 0
115750, 32, 1, 0
116001, 31, 1, 0
116250, 32, 0, 0
116250, 128, 1, 0
116500, 128, 0, 0
117250, 64, 1, 0
117500, 128, 0, 0
117750, 16, 1, 0
118000, 32, 1, 0
118250, 32, 1, 0
118500, 32, 0, 0
118500, 128, 1, 0
118750, 128, 0, 0
119500, 128, 1, 0
119750, 32, 0, 0
120000, 32, 0, 0
120250, 128, 0, 0
120500, 32, 1, 0
120750, 128, 1, 0
121250, 32, 0, 0
121500, 128, 0, 0
121750, 128, 1, 0
122500, 32, 0, 0
122750, 48, 0, 0
122750, 16, 1, 0
123000, 64, 0, 0
123000, 128, 1, 0
123500, 16, 0, 0
123750, 128, 0, 0
123750, 16, 1, 0
124000, 128, 1, 0
124750, 64, 0, 0
125000, 144, 1, 0
125250, 32, 0, 0
125500, 128, 0, 0
126000, 16, 1, 0
126250, 32, 1, 0
126500, 144, 0, 0
126500, 32, 1, 0
126750, 128, 1, 0
127500, 64, 0, 0
127750, 32, 1, 0
128000, 32, 0, 0
128000, 64, 1, 0
128250, 64, 0, 0
128500, 128, 1, 0
128750, 32, 0, 0
129000, 32, 0, 0
129250, 32, 0, 0
129500, 32, 0, 0
129500, 32, 1, 0
129750, 128, 0, 0
129750, 64, 1, 0
130250, 64, 1, 0
130751, 63, 0, 0
130751, 63, 1, 0
131250, 128, 0, 0
131250, 32, 1, 0
131500, 32, 1, 0
131750, 144, 1, 0
132250, 64, 0, 0
132750, 32, 0, 0
132750, 32, 1, 0
133250, 128, 0, 0
133250, 48, 1, 0
133500, 64, 1, 0
134000, 16, 0, 0
134000, 32, 1, 0
134250, 128, 0, 0
134250, 32, 1, 0
134500, 144, 1, 0
135250, 32, 0, 0
135500, 128, 0, 0
135500, 32, 1, 0
135750, 64, 1, 0
136250, 32, 1, 0
136500, 128, 0, 0
136500, 64, 1, 0
137000, 128, 1, 0
137500, 32, 0, 0
137750, 32, 0, 0
138000, 128, 0, 0
138000, 32, 1, 0
138250, 32, 1, 0
138500, 32, 1, 0
138750, 16, 1, 0
139000, 64, 0, 0
139000, 128, 1, 0
139500, 32, 0, 0
139750, 80, 0, 0
140000, 32, 1, 0
140250, 128, 0, 0
140250, 64, 1, 0
140750, 128, 1, 0
141250, 32, 0, 0
141500, 64, 0, 0
141750, 32, 1, 0
142000, 32, 0, 0
142000, 32, 1, 0
142250, 64, 1, 0
142500, 64, 0, 0
142750, 128, 0, 0
142750, 128, 1, 0
143750, 64, 1, 0
144000, 160, 0, 0
144250, 32, 1, 0
144500, 64, 1, 0
145000, 32, 0, 0
145000, 64, 1, 0
145250, 32, 0, 0
145500, 32, 0, 0
145500, 64, 1, 0
145750, 32, 0, 0
146000, 32, 0, 0
146000, 80, 1, 0
146500, 128, 0, 0
146500, 16, 1, 0
146750, 80, 1, 0
147250, 32, 0, 0
147250, 64, 1, 0
147500, 16, 0, 0
147750, 64, 0, 0
147750, 32, 1, 0
148000, 32, 1, 0
148250, 48, 0, 0
148250, 128, 1, 0
148750, 64, 0, 0
149000, 64, 0, 0
149250, 128, 1, 0
149500, 32, 0, 0
149750, 64, 0, 0
150250, 64, 0, 0
150250, 16, 1, 0
150500, 32, 1, 0
150750, 32, 0, 0
150750, 32, 1, 0
151000, 64, 0, 0
151000, 32, 1, 0
151250, 128, 1, 0
151750, 128, 0, 0
152250, 32, 1, 0
152500, 16, 0, 0
152500, 64, 1, 0
152750, 32, 0, 0
153000, 32, 0, 0
153000, 64, 1, 0
153250, 32, 0, 0
153500, 32, 0, 0
153500, 32, 1, 0
153750, 32, 0, 0
153750, 32, 1, 0
154000, 64, 0, 0
154000, 64, 1, 0
154500, 128, 0, 0
154500, 128, 1, 0
155500, 32, 0, 0
155500, 64, 1, 0
155750, 32, 0, 0
156000, 128, 0, 0
156000, 32, 1, 0
156250, 64, 1, 0
156750, 32, 1, 0
157000, 48, 0, 0
157000, 32, 1, 0
157250, 64, 1, 0
157500, 64, 0, 0
157750, 64, 0, 0
157750, 64, 1, 0
158250, 64, 0, 0
158250, 32, 1, 0
158500, 32, 1, 0
158750, 64, 1, 0
159000, 48, 0, 0
159250, 128, 0, 0
159250, 80, 1, 0
159750, 32, 1, 0
160000, 32, 1, 0
160250, 32, 0, 0
160250, 128, 1, 0
160500, 32, 0, 0
160750, 48, 0, 0
161000, 32, 0, 0
161250, 16, 0, 0
161250, 16, 1, 0
161500, 32, 0, 0
161500, 128, 1, 0
161750, 32, 0, 0
162000, 32, 0, 0
162250, 32, 0, 0
162500, 128, 0, 0
162500, 32, 1, 0
162750, 32, 1, 0
163000, 64, 1, 0
163500, 48, 0, 0
163500, 48, 1, 0
163750, 32, 0, 0
163750, 128, 1, 0
164250, 128, 0, 0
164750, 32, 1, 0
165000, 64, 0, 0
165000, 16, 1, 0
165250, 128, 1, 0
165750, 64, 0, 0
166000, 128, 0, 0
166250, 128, 1, 0
167000, 16, 0, 0
167250, 128, 0, 0
167250, 16, 1, 0
167500, 128, 1, 0
168250, 64, 0, 0
168250, 32, 1, 0
168750, 128, 0, 0
168750, 96, 1, 0
169500, 96, 1, 0
169750, 64, 0, 0
170250, 144, 0, 0
170250, 64, 1, 0
170500, 32, 1, 0
170750, 32, 1, 0
171000, 64, 1, 0
171250, 16, 0, 0
171500, 64, 0, 0
171750, 128, 1, 0
172000, 128, 0, 0
172500, 16, 1, 0
172750, 32, 1, 0
173000, 32, 0, 0
173000, 32, 1, 0
173250, 32, 0, 0
173250, 32, 1, 0
173500, 80, 0, 0
173500, 144, 1, 0
174000, 64, 0, 0
174500, 32, 0, 0
174750, 32, 0, 0
174750, 64, 1, 0
175000, 32, 0, 0
175000, 16, 1, 0
175250, 144, 1, 0
175500, 64, 0, 0
175750, 128, 0, 0
176250, 16, 1, 0
176500, 128, 1, 0
177000, 64, 0, 0
177250, 32, 0, 0
177501, 31, 0, 0
177501, 31, 1, 0
177750, 64, 0, 0
177750, 64, 1, 0
178250, 16, 0, 0
178250, 64, 1, 0
178500, 128, 0, 0
178750, 32, 1, 0
179000, 32, 1, 0
179250, 64, 1, 0
179500, 32, 0, 0
179750, 32, 0, 0
179750, 128, 1, 0
180000, 64, 0, 0
180500, 64, 0, 0
180750, 128, 1, 0
181000, 64, 0, 0
181500, 64, 0, 0
181750, 32, 1, 0
182000, 32, 0, 0
182000, 128, 1, 0
182250, 128, 0, 0
183000, 144, 1, 0
183250, 32, 0, 0
183500, 80, 0, 0
184000, 32, 0, 0
184000, 16, 1, 0
184250, 16, 0, 0
184250, 128, 1, 0
184500, 32, 0, 0
184750, 128, 0, 0
185250, 128, 1, 0
185750, 80, 0, 0
186250, 32, 0, 0
186250, 128, 1, 0
186500, 64, 0, 0
187000, 128, 0, 0
187250, 32, 1, 0
187500, 64, 1, 0
188000, 32, 0, 0
188000, 64, 1, 0
188500, 128, 0, 0
188500, 128, 1, 0
189250, 16, 0, 0
189500, 48, 0, 0
189500, 32, 1, 0
189750, 32, 0, 0
189750, 128, 1, 0
190000, 32, 0, 0
190250, 32, 0, 0
190750, 48, 0, 0
190750, 32, 1, 0
191000, 32, 0, 0
191000, 128, 1, 0
191251, 143, 0, 0
192000, 64, 1, 0
192250, 64, 0, 0
192500, 128, 1, 0
193000, 96, 0, 0
193500, 16, 0, 0
193500, 32, 1, 0
193750, 64, 0, 0
193750, 32, 1, 0
194000, 32, 1, 0
194250, 64, 0, 0
194250, 144, 1, 0
194750, 128, 0, 0
195500, 64, 1, 0
195750, 80, 0, 0
195750, 64, 1, 0
196250, 64, 0, 0
196500, 48, 1, 0
196750, 16, 0, 0
196750, 128, 1, 0
197000, 16, 0, 0
197250, 64, 0, 0
197500, 32, 0, 0
197750, 64, 1, 0
198000, 144, 0, 0
198250, 128, 1, 0
199000, 128, 0, 0
199250, 32, 1, 0
199500, 48, 1, 0
199750, 128, 1, 0
200000, 16, 0, 0
200250, 96, 0, 0
200750, 64, 0, 0
200750, 64, 1, 0
201250, 16, 0, 0
201250, 128, 1, 0
201500, 32, 0, 0
201750, 80, 0, 0
202250, 32, 0, 0
202250, 32, 1, 0
202500, 128, 0, 0
202750, 64, 1, 0
203000, 32, 1, 0
203500, 32, 0, 0
203500, 64, 1, 0
203750, 16, 0, 0
203750, 16, 1, 0
204000, 32, 0, 0
204000, 32, 1, 0
204250, 80, 0, 0
204250, 32, 1, 0
204500, 32, 1, 0
204750, 16, 0, 0
204750, 16, 1, 0
205000, 64, 0, 0
205000, 64, 1, 0
205250, 64, 1, 0
205500, 64, 0, 0
205750, 32, 1, 0
206000, 128, 0, 0
206000, 128, 1, 0
207000, 16, 0, 0
207000, 16, 1, 0
207250, 128, 0, 0
207250, 32, 1, 0
207500, 32, 1, 0
207750, 128, 1, 0
208000, 32, 0, 0
208250, 64, 0, 0
208750, 32, 0, 0
208750, 128, 1, 0
209000, 32, 0, 0
209251, 15, 0, 0
209500, 32, 0, 0
209750, 32, 0, 0
209750, 32, 1, 0
210000, 128, 0, 0
210000, 64, 1, 0
210500, 48, 1, 0
211000, 32, 0, 0
211000, 160, 1, 0
211250, 80, 0, 0
211750, 32, 0, 0
212000, 16, 0, 0
212000, 64, 1, 0
212250, 64, 0, 0
212500, 64, 1, 0
212750, 128, 0, 0
213250, 64, 1, 0
213500, 32, 1, 0
213751, 127, 0, 0
213751, 127, 1, 0
214750, 32, 0, 0
214750, 128, 1, 0
215000, 32, 0, 0
215250, 32, 0, 0
215500, 32, 0, 0
215750, 32, 0, 0
215750, 64, 1, 0
216000, 128, 0, 0
216250, 64, 1, 0
216750, 32, 1, 0
217000, 32, 0, 0
217000, 128, 1, 0
217250, 64, 0, 0
217750, 32, 0, 0
218000, 32, 0, 0
218000, 128, 1, 0
218250, 64, 0, 0
218750, 64, 0, 0
219250, 64, 0, 0
219250, 128, 1, 0
219750, 32, 0, 0
220000, 64, 0, 0
220000, 32, 1, 0
220250, 16, 1, 0
220500, 64, 0, 0
220500, 64, 1, 0
221000, 32, 0, 0
221000, 64, 1, 0
221250, 16, 0, 0
221500, 64, 0, 0
221500, 32, 1, 0
221750, 64, 0, 0
221750, 32, 1, 0
222000, 48, 1, 0
222250, 32, 0, 0
222250, 32, 1, 0
222500, 16, 0, 0
222500, 64, 1, 0
222750, 48, 0, 0
223000, 16, 0, 0
223000, 32, 1, 0
223250, 32, 0, 0
223250, 16, 1, 0
223501, 127, 0, 0
223501, 63, 1, 0
224000, 128, 1, 0
224500, 128, 0, 0
225000, 32, 1, 0
225250, 32, 1, 0
225500, 128, 0, 0
225500, 48, 1, 0
225750, 16, 1, 0
226000, 32, 1, 0
226250, 64, 1, 0
226500, 128, 0, 0
226750, 64, 1, 0
227250, 16, 1, 0
227500, 32, 0, 0
227500, 128, 1, 0
227750, 32, 0, 0
228000, 128, 0, 0
228250, 16, 1, 0
228500, 32, 1, 0
228750, 80, 1, 0
229000, 32, 0, 0
229250, 144, 0, 0
229250, 32, 1, 0
229500, 64, 1, 0
230000, 32, 1, 0
230250, 32, 0, 0
230250, 32, 1, 0
230500, 16, 0, 0
230500, 128, 1, 0
230750, 48, 0, 0
231000, 32, 0, 0
231250, 32, 0, 0
231500, 64, 0, 0
231500, 64, 1, 0
232000, 32, 0, 0
232000, 64, 1, 0
232250, 16, 0, 0
232501, 47, 0, 0
232501, 63, 1, 0
232750, 32, 0, 0
233000, 32, 0, 0
233000, 128, 1, 0
233250, 128, 0, 0
234000, 64, 1, 0
234250, 32, 0, 0
234500, 32, 0, 0
234500, 32, 1, 0
234750, 32, 0, 0
234750, 32, 1, 0
235000, 16, 0, 0
235250, 32, 0, 0
235250, 64, 1, 0
235500, 32, 0, 0
235500, 32, 1, 0
235750, 32, 0, 0
235750, 32, 1, 0
236000, 32, 0, 0
236000, 128, 1, 0
236250, 128, 0, 0
237000, 128, 1, 0
237250, 32, 0, 0
237500, 32, 0, 0
237750, 16, 0, 0
238000, 128, 0, 0
238000, 32, 1, 0
238250, 64, 1, 0
238750, 32, 0, 0
238750, 16, 1, 0
239000, 16, 0, 0
239000, 128, 1, 0
239250, 64, 0, 0
239750, 32, 0, 0
240000, 128, 0, 0
240000, 32, 1, 0
240250, 48, 1, 0
240500, 32, 1, 0
240750, 32, 1, 0
241000, 32, 0, 0
241250, 144, 0, 0
241250, 64, 1, 0
241500, 16, 1, 0
241750, 128, 1, 0
242250, 32, 0, 0
242750, 64, 0, 0
242750, 32, 1, 0
243000, 32, 0, 0
243000, 128, 1, 0
243500, 64, 0, 0
243750, 64, 0, 0
244000, 32, 1, 0
244250, 64, 0, 0
244250, 80, 1, 0
245000, 64, 0, 0
245000, 64, 1, 0
245250, 64, 0, 0
245250, 128, 1, 0
245750, 16, 0, 0
246000, 128, 0, 0
246250, 32, 1, 0
246500, 32, 1, 0
246750, 16, 1, 0
247000, 32, 0, 0
247000, 32, 1, 0
247250, 128, 0, 0
247250, 144, 1, 0
248250, 64, 0, 0
248250, 32, 1, 0
248501, 31, 1, 0
248750, 48, 0, 0
248750, 32, 1, 0
249000, 128, 0, 0
249000, 32, 1, 0
249250, 64, 1, 0
249750, 16, 1, 0
250000, 32, 0, 0
250000, 32, 1, 0
250250, 128, 0, 0
250250, 64, 1, 0
250750, 32, 1, 0
251000, 48, 1, 0
251250, 16, 0, 0
251250, 64, 1, 0
251500, 64, 0, 0
251750, 32, 1, 0
252000, 32, 0, 0
252000, 32, 1, 0
252250, 16, 0, 0
252500, 128, 0, 0
252500, 64, 1, 0
252750, 64, 1, 0
253250, 64, 0, 0
253250, 64, 1, 0
253751, 63, 0, 0
253751, 127, 1, 0
254250, 32, 0, 0
254500, 128, 0, 0
254750, 16, 1, 0
255000, 64, 1, 0
255500, 128, 0, 0
255500, 64, 1, 0
256000, 144, 1, 0
256500, 16, 0, 0
256750, 32, 0, 0
257000, 32, 0, 0
257000, 16, 1, 0
257250, 32, 0, 0
257250, 64, 1, 0
257500, 128, 0, 0
257750, 16, 1, 0
258000, 64, 1, 0
258250, 128, 1, 0
258500, 64, 0, 0
259000, 32, 0, 0
259250, 32, 0, 0
259250, 32, 1, 0
259500, 48, 0, 0
259500, 16, 1, 0
259750, 32, 0, 0
259750, 32, 1, 0
260000, 16, 0, 0
260000, 32, 1, 0
260250, 128, 0, 0
260250, 128, 1, 0
261250, 128, 0, 0
261250, 32, 1, 0
261500, 16, 1, 0
261750, 64, 1, 0
262000, 64, 1, 0
262250, 64, 0, 0
262500, 128, 1, 0
262750, 32, 0, 0
263000, 32, 0, 0
263250, 32, 0, 0
263500, 128, 0, 0
263500, 32, 1, 0
263750, 16, 1, 0
264000, 32, 1, 0
264250, 128, 1, 0
264500, 128, 0, 0
265250, 32, 1, 0
265500, 64, 0, 0
265500, 48, 1, 0
265750, 32, 1, 0
266000, 128, 0, 0
266000, 16, 1, 0
266250, 32, 1, 0
266500, 32, 1, 0
266750, 128, 1, 0
267000, 48, 0, 0
267250, 128, 0, 0
267750, 64, 1, 0
268250, 32, 0, 0
268250, 144, 1, 0
268500, 16, 0, 0
268750, 128, 0, 0
269250, 64, 1, 0
269750, 32, 0, 0
269750, 128, 1, 0
270000, 64, 0, 0
270500, 144, 0, 0
270750, 16, 1, 0
271000, 128, 1, 0
271500, 64, 0, 0
272000, 16, 0, 0
272000, 64, 1, 0
272250, 64, 0, 0
272500, 48, 1, 0
272750, 64, 0, 0
272750, 16, 1, 0
273000, 80, 1, 0
273251, 31, 0, 0
273500, 64, 0, 0
273500, 128, 1, 0
274000, 32, 0, 0
274250, 80, 0, 0
274500, 32, 1, 0
274750, 32, 0, 0
274750, 64, 1, 0
275250, 160, 0, 0
275250, 32, 1, 0
275500, 32, 1, 0
275750, 16, 1, 0
276000, 32, 1, 0
276250, 64, 0, 0
276250, 128, 1, 0
276750, 32, 0, 0
277000, 128, 0, 0
277250, 32, 1, 0
277500, 64, 1, 0
278000, 16, 0, 0
278000, 64, 1, 0
278250, 32, 0, 0
278500, 32, 0, 0
278500, 64, 1, 0
278750, 48, 0, 0
279000, 64, 0, 0
279000, 64, 1, 0
279500, 32, 1, 0
279750, 128, 0, 0
279750, 128, 1, 0
280500, 32, 0, 0
280750, 16, 1, 0
281000, 64, 0, 0
281000, 64, 1, 0
281250, 16, 0, 0
281250, 32, 1, 0
281500, 64, 0, 0
281750, 48, 1, 0
282000, 32, 0, 0
282000, 32, 1, 0
282250, 32, 0, 0
282250, 48, 1, 0
282500, 64, 0, 0
282500, 32, 1, 0
282750, 64, 1, 0
283000, 128, 0, 0
283250, 64, 1, 0
283750, 128, 1, 0
284000, 32, 0, 0
284250, 64, 0, 0
284750, 128, 0, 0
284750, 16, 1, 0
285000, 32, 1, 0
285250, 32, 1, 0
285500, 32, 1, 0
285750, 32, 0, 0
285750, 64, 1, 0
286000, 128, 0, 0
286250, 128, 1, 0
287000, 32, 0, 0
287250, 32, 0, 0
287250, 32, 1, 0
287500, 64, 0, 0
287500, 128, 1, 0
288000, 32, 0, 0
288251, 31, 0, 0
288500, 32, 0, 0
288500, 32, 1, 0
288750, 64, 0, 0
288750, 32, 1, 0
289000, 16, 1, 0
289250, 80, 0, 0
289250, 64, 1, 0
289500, 32, 1, 0
290000, 128, 0, 0
290000, 128, 1, 0
290750, 32, 0, 0
290750, 32, 1, 0
291000, 128, 0, 0
291000, 32, 1, 0
291250, 16, 1, 0
291500, 32, 1, 0
291750, 32, 1, 0
292001, 31, 0, 0
292001, 31, 1, 0
292250, 32, 0, 0
292250, 128, 1, 0
292500, 128, 0, 0
293250, 32, 1, 0
293500, 32, 0, 0
293500, 32, 1, 0
293750, 32, 0, 0
293750, 144, 1, 0
294000, 64, 0, 0
294500, 32, 0, 0
294750, 128, 0, 0
294750, 32, 1, 0
295000, 32, 1, 0
295250, 32, 1, 0
295500, 32, 1, 0
295750, 16, 0, 0
296000, 64, 0, 0
296000, 64, 1, 0
296250, 32, 1, 0
296500, 32, 0, 0
296500, 128, 1, 0
296750, 128, 0, 0
297500, 64, 1, 0
297750, 32, 0, 0
298000, 32, 0, 0
298000, 32, 1, 0
298250, 32, 0, 0
298250, 16, 1, 0
298500, 128, 0, 0
298500, 48, 1, 0
298750, 128, 1, 0
299500, 48, 0, 0
299750, 16, 0, 0
299750, 32, 1, 0
300000, 32, 0, 0
