time(msec), lat(ns), read0_write1, offset
250, 53483, 1, 0
750, 57462, 1, 0
1000, 55109, 1, 0
1125, 127433, 0, 0
1125, 38527, 1, 0
1375, 66540, 0, 0
1375, 19142, 1, 0
1500, 77867, 1, 0
1625, 109732, 0, 0
1875, 196023, 0, 0
2500, 81790, 1, 0
2875, 106530, 0, 0
3125, 119798, 0, 0
3250, 127068, 0, 0
3500, 202978, 0, 0
3500, 27947, 1, 0
3750, 62324, 1, 0
4000, 26308, 1, 0
4125, 54213, 1, 0
4375, 59449, 1, 0
4500, 196133, 0, 0
4875, 61667, 1, 0
5000, 31712, 1, 0
5125, 74988, 1, 0
5500, 109202, 0, 0
5750, 116374, 0, 0
6125, 42287, 1, 0
6250, 193019, 0, 0
6625, 67032, 1, 0
6875, 63811, 1, 0
7250, 132659, 0, 0
7375, 57088, 1, 0
7500, 54705, 1, 0
7750, 42798, 1, 0
7750, 90738, 0, 0
7875, 52008, 1, 0
8000, 110033, 0, 0
8000, 31598, 1, 0
8125, 60390, 1, 0
8250, 122345, 0, 0
8500, 62173, 0, 0
8625, 104945, 0, 0
8625, 59796, 1, 0
8875, 196611, 0, 0
9625, 61001, 1, 0
9875, 121333, 0, 0
9875, 34154, 1, 0
10125, 107696, 0, 0
10125, 45321, 1, 0
10250, 122485, 0, 0
10375, 63652, 1, 0
10500, 124681, 0, 0
10875, 55836, 1, 0
11000, 166017, 0, 0
11000, 35417, 1, 0
11250, 72275, 1, 0
12000, 194430, 0, 0
12250, 59090, 1, 0
12375, 72668, 1, 0
13000, 103302, 0, 0
13125, 125941, 0, 0
13375, 62991, 1, 0
13375, 134232, 0, 0
13500, 56104, 1, 0
13750, 49362, 1, 0
13875, 56221, 1, 0
14125, 62908, 1, 0
14375, 117182, 0, 0
14500, 110193, 0, 0
14625, 54405, 1, 0
14750, 54628, 1, 0
15000, 72459, 1, 0
15000, 91751, 0, 0
15500, 128721, 0, 0
15750, 110444, 0, 0
15875, 103949, 0, 0
16000, 54449, 1, 0
16000, 88969, 0, 0
16125, 60811, 1, 0
16250, 110377, 0, 0
16500, 126788, 0, 0
17000, 128376, 0, 0
17125, 57721, 1, 0
17250, 106813, 0, 0
17375, 54424, 1, 0
17500, 124684, 0, 0
17625, 60148, 1, 0
18000, 171349, 0, 0
18125, 62568, 1, 0
18375, 56508, 1, 0
18625, 60489, 1, 0
19000, 125080, 0, 0
19125, 81707, 1, 0
19500, 114181, 0, 0
19750, 198164, 0, 0
20125, 73672, 1, 0
20750, 150216, 0, 0
21125, 90075, 1, 0
21250, 101261, 0, 0
21750, 109789, 0, 0
22125, 35228, 1, 0
22375, 47408, 1, 0
22750, 108029, 0, 0
23000, 104281, 0, 0
23125, 110778, 0, 0
23375, 139035, 0, 0
23375, 37597, 1, 0
23625, 59345, 1, 0
23625, 75192, 0, 0
23750, 200608, 0, 0
23750, 42921, 1, 0
24000, 56439, 1, 0
24250, 69561, 1, 0
24750, 113981, 0, 0
24750, 43570, 1, 0
25250, 59023, 0, 0
25500, 76124, 0, 0
25750, 54700, 1, 0
25875, 47150, 1, 0
26000, 59188, 1, 0
26500, 122061, 0, 0
26500, 37091, 1, 0
26750, 69483, 1, 0
26750, 112725, 0, 0
27250, 55493, 1, 0
27250, 89099, 0, 0
27375, 47677, 1, 0
27375, 101394, 0, 0
27500, 74089, 1, 0
27500, 105050, 0, 0
27625, 199299, 0, 0
28500, 60675, 1, 0
28625, 55533, 1, 0
28625, 176026, 0, 0
28875, 45378, 1, 0
29375, 86443, 1, 0
29625, 132137, 0, 0
29875, 126920, 0, 0
30375, 108622, 0, 0
30375, 33510, 1, 0
30512, 12001303, 1, 0
30625, 128867, 0, 0
30875, 147574, 0, 0
31125, 134807, 0, 0
31250, 118264, 0, 0
31375, 112858, 0, 0
31500, 56544, 1, 0
31750, 76011, 1, 0
31875, 125214, 0, 0
32375, 114918, 0, 0
32625, 108462, 0, 0
32750, 102947, 0, 0
32750, 34087, 1, 0
32875, 59403, 1, 0
32875, 116084, 0, 0
33375, 93864, 0, 0
33375, 21519, 1, 0
33500, 146347, 0, 0
33625, 74136, 1, 0
34000, 53900, 0, 0
34125, 192513, 0, 0
34625, 69707, 1, 0
35125, 60602, 1, 0
35125, 164989, 0, 0
35375, 72587, 1, 0
36125, 69452, 0, 0
36375, 53928, 1, 0
36500, 73424, 1, 0
36625, 170037, 0, 0
37500, 77020, 1, 0
37625, 124948, 0, 0
37750, 29754, 1, 0
37875, 111421, 0, 0
38000, 61621, 1, 0
38125, 104845, 0, 0
38250, 126212, 0, 0
38500, 62216, 1, 0
38750, 117878, 0, 0
39000, 56312, 1, 0
39250, 97068, 0, 0
39250, 19432, 1, 0
39375, 110213, 0, 0
39375, 39669, 1, 0
39625, 71203, 0, 0
39625, 44250, 1, 0
39750, 87539, 1, 0
40625, 140124, 0, 0
40750, 57811, 1, 0
41125, 134772, 0, 0
41375, 111937, 0, 0
41750, 70680, 1, 0
41875, 124767, 0, 0
41875, 47329, 1, 0
42125, 117320, 0, 0
42375, 61264, 1, 0
42375, 277248, 0, 0
42875, 61413, 1, 0
43125, 71271, 1, 0
43375, 121500, 0, 0
43625, 120797, 0, 0
43750, 106083, 0, 0
44000, 129264, 0, 0
44125, 53913, 1, 0
44125, 101614, 0, 0
44250, 47513, 1, 0
44250, 182170, 0, 0
44375, 53662, 1, 0
44500, 54985, 1, 0
44750, 58924, 1, 0
45000, 50880, 1, 0
45250, 87158, 1, 0
45250, 51568, 0, 0
45500, 168394, 0, 0
46250, 79131, 1, 0
46500, 56261, 1, 0
46500, 160654, 0, 0
46625, 56828, 1, 0
46875, 56820, 1, 0
47125, 56299, 1, 0
47375, 66796, 1, 0
47500, 108717, 0, 0
47750, 130015, 0, 0
47875, 48422, 1, 0
48000, 113434, 0, 0
48000, 56258, 1, 0
48250, 123616, 0, 0
48500, 118253, 0, 0
48625, 142788, 0, 0
49000, 60908, 1, 0
49250, 73364, 1, 0
49625, 102974, 0, 0
49750, 55769, 0, 0
50000, 100317, 0, 0
50250, 147316, 0, 0
50250, 38947, 1, 0
50500, 54718, 1, 0
50750, 55280, 1, 0
50750, 104958, 0, 0
51000, 120253, 0, 0
51000, 57014, 1, 0
51125, 121932, 0, 0
51375, 113108, 0, 0
51500, 104607, 0, 0
51625, 98668, 0, 0
51875, 104504, 0, 0
52000, 61788, 1, 0
52000, 157078, 0, 0
52250, 34816, 1, 0
52750, 50643, 1, 0
53000, 101780, 0, 0
53500, 101109, 0, 0
53750, 50837, 1, 0
53750, 91627, 0, 0
54000, 175216, 0, 0
54250, 57384, 1, 0
55000, 44002, 0, 0
55250, 73856, 1, 0
55250, 94995, 0, 0
55500, 106094, 0, 0
55625, 126575, 0, 0
55750, 55710, 1, 0
56000, 74603, 1, 0
56125, 126388, 0, 0
56625, 114846, 0, 0
56875, 106513, 0, 0
57000, 123972, 0, 0
57000, 47768, 1, 0
57250, 111502, 0, 0
57500, 59168, 1, 0
57750, 142627, 0, 0
58000, 55148, 1, 0
58000, 176844, 0, 0
58250, 58564, 1, 0
58500, 51134, 1, 0
59000, 143239, 0, 0
59500, 71776, 1, 0
59500, 87731, 0, 0
59625, 210992, 0, 0
59750, 68872, 1, 0
59875, 59125, 1, 0
60125, 80007, 1, 0
60625, 113976, 0, 0
61125, 67855, 1, 0
61125, 107245, 0, 0
61375, 66448, 1, 0
61375, 89652, 0, 0
61500, 166250, 0, 0
61875, 67093, 1, 0
62375, 59841, 1, 0
62500, 117533, 0, 0
62875, 78059, 1, 0
63000, 96549, 0, 0
63250, 133499, 0, 0
63375, 56112, 1, 0
63500, 120552, 0, 0
63625, 45595, 1, 0
63750, 177846, 0, 0
63750, 41953, 1, 0
64250, 56081, 1, 0
64375, 59344, 1, 0
64625, 56333, 1, 0
64750, 113509, 0, 0
64875, 63841, 1, 0
64875, 100007, 0, 0
65125, 125893, 0, 0
65375, 64516, 1, 0
65625, 124479, 0, 0
65875, 70634, 1, 0
65875, 106453, 0, 0
66125, 105134, 0, 0
66250, 198716, 0, 0
66375, 53904, 1, 0
66625, 48520, 1, 0
66750, 60765, 1, 0
67250, 133200, 0, 0
67250, 32209, 1, 0
67375, 62681, 1, 0
67750, 106456, 0, 0
67875, 54265, 1, 0
68000, 115435, 0, 0
68125, 57730, 1, 0
68250, 104090, 0, 0
68375, 59572, 1, 0
68375, 95667, 0, 0
68500, 28403, 1, 0
68750, 48093, 1, 0
68875, 98845, 0, 0
68875, 23926, 1, 0
69000, 54729, 1, 0
69125, 119585, 0, 0
69250, 58922, 1, 0
69250, 35574, 0, 0
69375, 97686, 0, 0
69625, 111854, 0, 0
69750, 55448, 1, 0
69875, 110713, 0, 0
70000, 59729, 1, 0
70000, 94128, 0, 0
70500, 55984, 1, 0
70500, 152822, 0, 0
70750, 62056, 1, 0
70875, 48717, 1, 0
71000, 78895, 1, 0
71500, 119423, 0, 0
71750, 112789, 0, 0
72000, 36123, 1, 0
72250, 54437, 1, 0
72250, 88891, 0, 0
72500, 167990, 0, 0
72500, 46157, 1, 0
73000, 56221, 1, 0
73250, 54457, 1, 0
73375, 47524, 1, 0
73500, 74727, 1, 0
73500, 107653, 0, 0
73750, 117040, 0, 0
73875, 111494, 0, 0
74375, 174574, 0, 0
74500, 72992, 1, 0
75375, 207140, 0, 0
75500, 36387, 1, 0
75750, 72073, 1, 0
76011, 11784796, 1, 0
76250, 59786, 1, 0
76375, 152747, 0, 0
76625, 135356, 0, 0
76750, 82010, 1, 0
76875, 105121, 0, 0
77000, 127084, 0, 0
77500, 172816, 0, 0
77750, 57021, 1, 0
78000, 47826, 1, 0
78125, 55325, 1, 0
78375, 63303, 1, 0
78500, 114365, 0, 0
78500, 35498, 1, 0
78625, 142866, 0, 0
78750, 77974, 1, 0
78875, 139832, 0, 0
79000, 74639, 1, 0
79375, 106614, 0, 0
79500, 165059, 0, 0
80000, 84007, 1, 0
80250, 60805, 1, 0
80500, 123256, 0, 0
80750, 124976, 0, 0
80750, 22147, 1, 0
81000, 56949, 1, 0
81250, 80860, 1, 0
81250, 109481, 0, 0
81750, 112354, 0, 0
82250, 114252, 0, 0
82250, 29553, 1, 0
82750, 129564, 0, 0
82750, 60456, 1, 0
83250, 40934, 0, 0
83750, 128765, 0, 0
83750, 46189, 1, 0
84250, 105899, 0, 0
84500, 105766, 0, 0
84750, 156713, 0, 0
84750, 46546, 1, 0
85750, 116721, 0, 0
85750, 37703, 1, 0
86000, 120484, 0, 0
86000, 41622, 1, 0
86250, 75268, 1, 0
86250, 89533, 0, 0
86375, 136890, 0, 0
86875, 110753, 0, 0
87000, 129424, 0, 0
87250, 65339, 1, 0
87500, 129776, 0, 0
87750, 51285, 1, 0
87750, 180861, 0, 0
87875, 75644, 1, 0
88750, 223926, 0, 0
88875, 68168, 1, 0
89375, 60188, 1, 0
89750, 124343, 0, 0
89875, 80896, 1, 0
90000, 115052, 0, 0
90250, 105928, 0, 0
90750, 117163, 0, 0
90875, 56616, 1, 0
90875, 101761, 0, 0
91000, 115928, 0, 0
91125, 105853, 0, 0
91125, 37841, 1, 0
91375, 131856, 0, 0
91375, 36178, 1, 0
91625, 49153, 1, 0
91750, 48222, 1, 0
91875, 120440, 0, 0
91875, 40597, 1, 0
92125, 112160, 0, 0
92125, 34658, 1, 0
92375, 58517, 1, 0
92375, 154807, 0, 0
92625, 63062, 1, 0
93375, 142143, 0, 0
93625, 66311, 1, 0
93875, 120476, 0, 0
94125, 106573, 0, 0
94125, 35210, 1, 0
94375, 205838, 0, 0
94375, 40394, 1, 0
94625, 81079, 1, 0
95375, 196909, 0, 0
95625, 84998, 1, 0
96375, 106805, 0, 0
96625, 58020, 1, 0
96625, 120148, 0, 0
96875, 44740, 1, 0
96875, 97878, 0, 0
97125, 56117, 1, 0
97375, 136872, 0, 0
97375, 31798, 1, 0
97500, 69397, 1, 0
97625, 104958, 0, 0
97750, 98530, 1, 0
98125, 151622, 0, 0
98375, 130104, 0, 0
98750, 63980, 1, 0
98875, 112712, 0, 0
99125, 53844, 0, 0
99250, 120900, 0, 0
99250, 38622, 1, 0
99375, 55644, 1, 0
99500, 112834, 0, 0
99625, 76088, 1, 0
99750, 97084, 0, 0
99875, 168897, 0, 0
100625, 84090, 1, 0
100875, 105974, 0, 0
101125, 99249, 0, 0
101250, 104592, 0, 0
101375, 71820, 0, 0
101625, 80267, 1, 0
102375, 198359, 0, 0
102625, 56588, 1, 0
102750, 80143, 1, 0
103375, 194671, 0, 0
103750, 57072, 1, 0
104000, 76579, 1, 0
104250, 44388, 1, 0
104375, 82389, 0, 0
104500, 56329, 1, 0
104500, 105560, 0, 0
104750, 68503, 1, 0
104750, 266368, 0, 0
105000, 107686, 0, 0
105250, 107101, 0, 0
105250, 27952, 1, 0
105500, 81178, 1, 0
105500, 90831, 0, 0
105625, 123926, 0, 0
105875, 121181, 0, 0
106000, 56242, 1, 0
106125, 49785, 1, 0
106125, 109594, 0, 0
106250, 49924, 1, 0
106386, 11927715, 1, 0
106396, 9101941, 0, 0
106875, 126147, 0, 0
106875, 47202, 1, 0
107375, 103841, 0, 0
107375, 40633, 1, 0
107500, 112273, 0, 0
107625, 72468, 1, 0
107625, 103916, 0, 0
108125, 195885, 0, 0
108625, 64904, 1, 0
108875, 72884, 1, 0
109125, 121803, 0, 0
109375, 201708, 0, 0
109875, 86911, 1, 0
110375, 65024, 1, 0
110375, 181713, 0, 0
110875, 25896, 1, 0
111000, 23831, 1, 0
111250, 54706, 1, 0
111375, 121245, 0, 0
111500, 58100, 1, 0
111625, 105313, 0, 0
111750, 58909, 1, 0
111875, 80535, 0, 0
112000, 122632, 0, 0
112000, 46141, 1, 0
112250, 109345, 0, 0
112375, 126784, 0, 0
112500, 73259, 1, 0
112875, 117002, 0, 0
113375, 202491, 0, 0
113500, 78447, 1, 0
114375, 98348, 0, 0
114500, 102108, 0, 0
114500, 30363, 1, 0
114750, 34289, 0, 0
114750, 21575, 1, 0
114875, 87816, 0, 0
115000, 28782, 1, 0
115250, 51628, 1, 0
115375, 102781, 0, 0
115625, 98730, 0, 0
115750, 55005, 1, 0
116000, 54073, 1, 0
116125, 122804, 0, 0
116250, 74265, 1, 0
116375, 188421, 0, 0
117250, 85220, 1, 0
117375, 197087, 0, 0
117750, 50805, 1, 0
117875, 55953, 1, 0
118125, 46733, 1, 0
118375, 81411, 1, 0
118375, 110166, 0, 0
118625, 168271, 0, 0
119375, 84385, 1, 0
119625, 107197, 0, 0
119875, 106860, 0, 0
120125, 166554, 0, 0
120375, 74268, 1, 0
120625, 102149, 1, 0
121125, 85134, 0, 0
121250, 109446, 0, 0
121375, 197856, 0, 0
121636, 11866246, 1, 0
122375, 122354, 0, 0
122625, 58446, 1, 0
122625, 37303, 0, 0
122750, 130152, 0, 0
122750, 60956, 1, 0
123000, 128504, 0, 0
123500, 104707, 0, 0
123625, 199323, 0, 0
123750, 55544, 1, 0
123875, 80744, 1, 0
124625, 144296, 0, 0
124875, 59997, 1, 0
125000, 81380, 1, 0
125125, 106517, 0, 0
125375, 160279, 0, 0
126000, 55516, 1, 0
126125, 60957, 1, 0
126375, 28553, 1, 0
126375, 74396, 0, 0
126500, 157074, 0, 0
126625, 88786, 1, 0
127500, 136400, 0, 0
127625, 57963, 1, 0
127875, 61929, 1, 0
128000, 122233, 0, 0
128250, 129053, 0, 0
128375, 77943, 1, 0
128750, 96358, 0, 0
129000, 118909, 0, 0
129250, 104878, 0, 0
129375, 56984, 1, 0
129500, 120457, 0, 0
129625, 61340, 1, 0
129750, 173601, 0, 0
130125, 67305, 1, 0
130625, 42563, 1, 0
130750, 115062, 0, 0
131125, 68152, 1, 0
131250, 172844, 0, 0
131375, 58732, 1, 0
131625, 52392, 1, 0
131750, 79128, 1, 0
132250, 125288, 0, 0
132750, 37190, 1, 0
132750, 77910, 0, 0
133000, 49520, 1, 0
133000, 151303, 0, 0
133125, 56573, 1, 0
133375, 65068, 1, 0
133875, 65196, 1, 0
134000, 136387, 0, 0
134125, 203151, 0, 0
134125, 41157, 1, 0
134375, 60268, 1, 0
134500, 78094, 1, 0
135125, 143304, 0, 0
135375, 170402, 0, 0
135500, 81715, 1, 0
135750, 78586, 1, 0
136250, 64585, 1, 0
136375, 184412, 0, 0
136500, 62344, 1, 0
137000, 92627, 1, 0
137375, 120928, 0, 0
137625, 122808, 0, 0
137875, 196003, 0, 0
138000, 55787, 1, 0
138250, 57016, 1, 0
138500, 60932, 1, 0
138750, 55513, 1, 0
138875, 127636, 0, 0
138875, 59365, 1, 0
139375, 121389, 0, 0
139625, 62032, 0, 0
139750, 133476, 0, 0
139875, 55977, 1, 0
140125, 59984, 1, 0
140250, 195591, 0, 0
140625, 74860, 1, 0
141250, 130396, 0, 0
141500, 60046, 0, 0
141625, 56760, 1, 0
141875, 47842, 1, 0
142000, 107297, 0, 0
142000, 32002, 1, 0
142125, 59331, 1, 0
142250, 108005, 0, 0
142500, 112049, 0, 0
142625, 76927, 1, 0
142750, 195749, 0, 0
143625, 88555, 1, 0
143750, 108732, 0, 0
144000, 62044, 0, 0
144125, 69780, 1, 0
144375, 61728, 1, 0
144875, 72448, 1, 0
145000, 56420, 0, 0
145250, 98837, 0, 0
145375, 36407, 1, 0
145500, 83417, 0, 0
145750, 109668, 0, 0
145875, 44238, 1, 0
146000, 68149, 1, 0
146000, 90719, 0, 0
146250, 201099, 0, 0
146500, 49760, 1, 0
146625, 53117, 1, 0
146750, 62672, 1, 0
147250, 125269, 0, 0
147250, 46758, 1, 0
147500, 104017, 0, 0
147625, 43243, 0, 0
147750, 38452, 1, 0
148000, 61099, 1, 0
148125, 104798, 0, 0
148250, 127435, 0, 0
148250, 59449, 1, 0
148500, 124925, 0, 0
149000, 127328, 0, 0
149250, 66685, 1, 0
149500, 125693, 0, 0
149750, 121985, 0, 0
150250, 122980, 0, 0
150250, 38137, 1, 0
150375, 42499, 1, 0
150625, 63581, 1, 0
150750, 113089, 0, 0
150875, 42763, 1, 0
151000, 145382, 0, 0
151125, 75286, 1, 0
151500, 187444, 0, 0
152150, 25939626, 1, 0
152375, 62476, 1, 0
152500, 123788, 0, 0
152625, 125944, 0, 0
152875, 123412, 0, 0
152875, 42653, 1, 0
153125, 110357, 0, 0
153375, 39615, 0, 0
153375, 25837, 1, 0
153625, 54252, 1, 0
153625, 93810, 0, 0
153875, 61127, 1, 0
153875, 97403, 0, 0
154375, 120201, 1, 0
154375, 184465, 0, 0
155375, 107753, 0, 0
155375, 46193, 1, 0
155625, 116733, 0, 0
155875, 170073, 0, 0
155875, 32603, 1, 0
156000, 49133, 1, 0
156125, 44494, 1, 0
156625, 72571, 1, 0
156875, 119741, 0, 0
156875, 36482, 1, 0
157000, 120769, 0, 0
157000, 35514, 1, 0
157125, 62352, 1, 0
157250, 122036, 0, 0
157625, 63196, 1, 0
157750, 129716, 0, 0
158125, 61687, 1, 0
158250, 115061, 0, 0
158375, 55261, 1, 0
158625, 69033, 1, 0
158750, 103633, 0, 0
158875, 122056, 0, 0
159125, 48649, 1, 0
159125, 152591, 0, 0
159250, 70643, 1, 0
159750, 57861, 1, 0
160000, 57124, 1, 0
160125, 107438, 0, 0
160250, 75940, 1, 0
160375, 112400, 0, 0
160625, 132061, 0, 0
160750, 123924, 0, 0
161000, 124516, 0, 0
161250, 105574, 0, 0
161250, 34962, 1, 0
161375, 121128, 0, 0
161375, 60448, 1, 0
161625, 132323, 0, 0
161875, 100218, 0, 0
162125, 125996, 0, 0
162375, 200903, 0, 0
162375, 36380, 1, 0
162625, 57825, 1, 0
162875, 72140, 1, 0
163375, 56421, 1, 0
163375, 36921, 0, 0
163500, 55038, 1, 0
163500, 104503, 0, 0
163750, 83050, 1, 0
163750, 75935, 0, 0
164000, 182156, 0, 0
164750, 71018, 1, 0
165000, 50064, 1, 0
165000, 111838, 0, 0
165125, 75458, 1, 0
165500, 95997, 0, 0
165750, 120693, 0, 0
166000, 175443, 0, 0
166125, 79088, 1, 0
167000, 128210, 0, 0
167125, 53941, 1, 0
167125, 181989, 0, 0
167261, 11792271, 1, 0
168125, 124400, 0, 0
168250, 56791, 1, 0
168500, 51184, 1, 0
168625, 170873, 0, 0
168750, 38548, 1, 0
169250, 79155, 1, 0
169500, 53887, 1, 0
169625, 124553, 0, 0
170000, 60776, 1, 0
170125, 118292, 0, 0
170250, 204940, 0, 0
170500, 57284, 1, 0
170750, 57636, 1, 0
171000, 67487, 1, 0
171250, 122168, 0, 0
171375, 136680, 0, 0
171500, 74659, 1, 0
171875, 168745, 0, 0
172500, 66168, 1, 0
172625, 57645, 1, 0
172875, 55232, 1, 0
172875, 95197, 0, 0
173125, 40357, 1, 0
173125, 92702, 0, 0
173375, 56964, 1, 0
173375, 86158, 0, 0
173500, 96145, 1, 0
173500, 93938, 0, 0
174000, 107326, 0, 0
174500, 126820, 0, 0
174500, 47908, 1, 0
174750, 64516, 0, 0
175000, 49602, 1, 0
175000, 89642, 0, 0
175125, 49626, 1, 0
175250, 74632, 1, 0
175250, 106126, 0, 0
175750, 171906, 0, 0
176250, 31905, 1, 0
176375, 47330, 1, 0
176750, 119027, 0, 0
177250, 102007, 0, 0
177375, 45905, 1, 0
177500, 130012, 0, 0
177625, 64484, 1, 0
177750, 132413, 0, 0
178125, 60756, 1, 0
178250, 56960, 0, 0
178375, 166402, 0, 0
178625, 66039, 1, 0
178875, 56888, 1, 0
179125, 63732, 1, 0
179375, 106417, 0, 0
179625, 55923, 0, 0
179625, 69063, 1, 0
179875, 101936, 0, 0
180375, 123785, 0, 0
180625, 80595, 1, 0
180875, 112273, 0, 0
181375, 153728, 0, 0
181625, 44652, 1, 0
181750, 56832, 1, 0
181875, 107302, 0, 0
181875, 58925, 1, 0
182125, 165766, 0, 0
182875, 63367, 1, 0
183000, 76308, 1, 0
183125, 59272, 0, 0
183375, 126049, 0, 0
183500, 112237, 0, 0
184000, 115544, 0, 0
184000, 21638, 1, 0
184125, 72080, 1, 0
184250, 64936, 0, 0
184375, 95507, 0, 0
184625, 168854, 0, 0
185125, 60117, 1, 0
185625, 107016, 0, 0
185750, 103953, 0, 0
186125, 97938, 1, 0
186250, 128359, 0, 0
186500, 128824, 0, 0
187000, 167750, 0, 0
187125, 53946, 1, 0
187375, 66044, 1, 0
187875, 64852, 1, 0
188000, 121224, 0, 0
188250, 197317, 0, 0
188375, 75332, 1, 0
189250, 111188, 0, 0
189375, 57219, 1, 0
189375, 104298, 0, 0
189500, 107258, 0, 0
189625, 78795, 1, 0
189750, 122731, 0, 0
190000, 102444, 0, 0
190250, 141831, 0, 0
190500, 115706, 0, 0
190625, 130796, 0, 0
190625, 37846, 1, 0
190875, 78223, 1, 0
190875, 126736, 0, 0
191125, 148743, 0, 0
191250, 208283, 0, 0
191875, 68519, 1, 0
192250, 127668, 0, 0
192375, 77864, 1, 0
192750, 142127, 0, 0
193000, 123253, 0, 0
193375, 55762, 1, 0
193500, 123949, 0, 0
193625, 125183, 0, 0
193625, 34517, 1, 0
193750, 51381, 1, 0
193875, 54821, 1, 0
194125, 129208, 0, 0
194125, 31537, 1, 0
194250, 60334, 1, 0
194625, 220283, 0, 0
195250, 69316, 1, 0
195500, 57408, 1, 0
195625, 104326, 0, 0
195750, 73529, 1, 0
195750, 97357, 0, 0
196250, 68986, 0, 0
196250, 26495, 1, 0
196500, 49626, 1, 0
196625, 78516, 1, 0
196750, 105190, 0, 0
196875, 128633, 0, 0
197000, 121121, 0, 0
197250, 108309, 0, 0
197500, 123092, 0, 0
197636, 11921289, 1, 0
197750, 107633, 0, 0
197875, 172722, 0, 0
198125, 81271, 1, 0
198875, 213815, 0, 0
199125, 57072, 1, 0
199375, 42269, 1, 0
199500, 55620, 1, 0
199750, 72371, 1, 0
199875, 120880, 0, 0
200000, 121276, 0, 0
200250, 125464, 0, 0
200750, 55421, 1, 0
200750, 78510, 0, 0
201250, 85405, 0, 0
201250, 41705, 1, 0
201375, 125129, 0, 0
201625, 86107, 0, 0
201750, 127615, 0, 0
202250, 113017, 0, 0
202250, 40817, 1, 0
202500, 200996, 0, 0
202500, 38726, 1, 0
202750, 40544, 1, 0
203000, 62437, 1, 0
203250, 57357, 1, 0
203500, 63469, 1, 0
203500, 102377, 0, 0
203750, 120225, 0, 0
203750, 31294, 1, 0
203875, 54368, 1, 0
203875, 98478, 0, 0
204125, 43893, 1, 0
204125, 74564, 0, 0
204250, 139952, 0, 0
204375, 55461, 1, 0
204625, 69316, 1, 0
204750, 121180, 0, 0
204750, 37946, 1, 0
204875, 62032, 0, 0
205000, 54705, 1, 0
205250, 59984, 1, 0
205375, 125836, 0, 0
205750, 42095, 1, 0
205875, 201619, 0, 0
206000, 73380, 1, 0
206875, 87108, 0, 0
207000, 35725, 1, 0
207000, 164887, 0, 0
207125, 58188, 1, 0
207375, 28690, 1, 0
207625, 51177, 1, 0
208000, 113422, 0, 0
208250, 111748, 0, 0
208625, 76856, 1, 0
208750, 107074, 0, 0
209000, 105479, 0, 0
209250, 126509, 0, 0
209375, 108501, 0, 0
209500, 103706, 0, 0
209625, 57273, 1, 0
209625, 101803, 0, 0
209750, 120168, 0, 0
209875, 206280, 0, 0
209875, 47930, 1, 0
210375, 62984, 1, 0
210500, 72939, 1, 0
210750, 62628, 1, 0
210875, 121480, 0, 0
211000, 84170, 1, 0
211125, 81269, 0, 0
211250, 116169, 0, 0
211750, 65820, 0, 0
212000, 67628, 1, 0
212000, 87243, 0, 0
212125, 128387, 0, 0
212500, 60191, 1, 0
212625, 222246, 0, 0
213000, 60897, 1, 0
213250, 56124, 1, 0
213500, 62676, 1, 0
213625, 203520, 0, 0
213750, 74968, 1, 0
214625, 74317, 0, 0
214750, 82831, 1, 0
214875, 122501, 0, 0
215125, 95219, 0, 0
215375, 99694, 0, 0
215625, 118165, 0, 0
215750, 76940, 1, 0
215875, 167538, 0, 0
216250, 34843, 1, 0
216750, 56845, 1, 0
216875, 114024, 0, 0
217000, 63396, 1, 0
217125, 111021, 0, 0
217625, 124152, 0, 0
217875, 119709, 0, 0
218000, 82815, 1, 0
218125, 127180, 0, 0
218625, 128828, 0, 0
219000, 75911, 1, 0
219125, 119376, 0, 0
219625, 103072, 0, 0
219875, 138119, 0, 0
220000, 56484, 1, 0
220250, 56742, 1, 0
220375, 132612, 0, 0
220375, 48584, 1, 0
220875, 125385, 0, 0
220875, 44581, 1, 0
221125, 103907, 0, 0
221250, 124541, 0, 0
221375, 62120, 1, 0
221500, 122993, 0, 0
221625, 57725, 1, 0
221750, 126040, 0, 0
221875, 48717, 1, 0
222000, 56159, 1, 0
222250, 55704, 1, 0
222250, 86064, 0, 0
222500, 110144, 0, 0
222500, 45417, 1, 0
222625, 108801, 0, 0
222750, 122613, 0, 0
223000, 107806, 0, 0
223000, 39382, 1, 0
223125, 122477, 0, 0
223250, 57780, 1, 0
223375, 166871, 0, 0
223375, 39974, 1, 0
223875, 62671, 1, 0
224375, 209975, 0, 0
224875, 69965, 1, 0
225125, 62196, 1, 0
225375, 210323, 0, 0
225375, 33483, 1, 0
225500, 69628, 1, 0
225750, 52441, 1, 0
225875, 56941, 1, 0
226125, 60659, 1, 0
226375, 206535, 0, 0
226625, 60056, 1, 0
227125, 55687, 1, 0
227250, 66305, 1, 0
227375, 135696, 0, 0
227625, 114442, 0, 0
227875, 79974, 0, 0
228250, 42127, 1, 0
228375, 32672, 1, 0
228625, 56073, 1, 0
228750, 69827, 1, 0
228875, 111225, 0, 0
229125, 105841, 0, 0
229250, 57240, 1, 0
229250, 151639, 0, 0
229500, 60140, 1, 0
230000, 66111, 1, 0
230250, 56228, 1, 0
230250, 104810, 0, 0
230500, 54384, 0, 0
230500, 58068, 1, 0
230625, 93726, 0, 0
230750, 56365, 0, 0
231000, 115673, 0, 0
231250, 128252, 0, 0
231500, 112385, 0, 0
231500, 44359, 1, 0
232000, 109956, 0, 0
232000, 41798, 1, 0
232250, 120134, 0, 0
232375, 106850, 0, 0
232500, 39633, 0, 0
232500, 32422, 1, 0
232750, 109549, 0, 0
233000, 75312, 1, 0
233000, 87594, 0, 0
233250, 190200, 0, 0
234000, 70025, 1, 0
234250, 106974, 0, 0
234500, 64660, 1, 0
234500, 107489, 0, 0
234750, 57596, 1, 0
234750, 89877, 0, 0
235000, 104234, 0, 0
235000, 36898, 1, 0
235125, 129217, 0, 0
235250, 55476, 1, 0
235375, 105345, 0, 0
235500, 55435, 1, 0
235625, 113112, 0, 0
235750, 58769, 1, 0
235875, 123785, 0, 0
236000, 78615, 1, 0
236125, 166770, 0, 0
237000, 101457, 1, 0
237125, 120836, 0, 0
237375, 59060, 0, 0
237625, 108193, 0, 0
237750, 196372, 0, 0
238000, 56212, 1, 0
238250, 40145, 1, 0
238750, 105933, 0, 0
238750, 35225, 1, 0
238875, 78751, 1, 0
239000, 103517, 0, 0
239125, 124953, 0, 0
239625, 130635, 0, 0
239875, 194364, 0, 0
239875, 36394, 1, 0
240125, 47517, 1, 0
240250, 41345, 1, 0
240500, 67512, 1, 0
240750, 70528, 1, 0
240875, 94746, 0, 0
241000, 74380, 1, 0
241125, 122217, 0, 0
241250, 172368, 0, 0
241500, 48893, 1, 0
241625, 63568, 1, 0
242250, 117001, 0, 0
242500, 103993, 0, 0
242625, 55815, 1, 0
242750, 120552, 0, 0
242875, 74020, 1, 0
243000, 107017, 0, 0
243257, 7876150, 0, 0
243500, 111645, 0, 0
243750, 126192, 0, 0
243875, 59988, 1, 0
244125, 53865, 1, 0
244250, 60645, 1, 0
244250, 97373, 0, 0
244750, 47070, 1, 0
244750, 51804, 0, 0
245000, 33254, 1, 0
245250, 128644, 0, 0
245250, 59900, 1, 0
245750, 105542, 0, 0
245875, 206980, 0, 0
246250, 54404, 1, 0
246500, 56393, 1, 0
246750, 58528, 1, 0
246875, 47836, 1, 0
246875, 91399, 0, 0
247000, 54444, 1, 0
247125, 47974, 1, 0
247125, 189004, 0, 0
247250, 76511, 1, 0
248125, 134340, 0, 0
248250, 59897, 1, 0
248500, 55445, 1, 0
248625, 105701, 0, 0
248750, 68225, 1, 0
248750, 89650, 0, 0
249000, 76319, 1, 0
249000, 149926, 0, 0
249250, 46659, 1, 0
249750, 60937, 1, 0
249875, 56076, 1, 0
250000, 107405, 0, 0
250125, 61588, 1, 0
250250, 169130, 0, 0
250625, 64880, 1, 0
250875, 49396, 1, 0
251000, 56417, 1, 0
251250, 109688, 0, 0
251250, 52220, 1, 0
251375, 125500, 0, 0
251750, 61701, 1, 0
251875, 123080, 0, 0
252000, 56372, 1, 0
252125, 118676, 0, 0
252250, 204040, 0, 0
252250, 48732, 1, 0
252750, 63968, 1, 0
253250, 117920, 0, 0
253250, 45518, 1, 0
253750, 85023, 1, 0
253750, 113014, 0, 0
254250, 108889, 0, 0
254500, 207830, 0, 0
254750, 64151, 1, 0
254875, 60400, 1, 0
255375, 59540, 1, 0
255500, 70180, 0, 0
255875, 62047, 1, 0
256000, 73127, 1, 0
256500, 104634, 0, 0
256625, 124125, 0, 0
256875, 90392, 0, 0
257000, 79207, 1, 0
257125, 111486, 0, 0
257125, 43989, 1, 0
257375, 199380, 0, 0
257625, 56660, 1, 0
257750, 34858, 1, 0
258000, 70880, 1, 0
258250, 84514, 1, 0
258376, 1571268, 0, 0
258875, 128204, 0, 0
259125, 121767, 0, 0
259250, 56572, 1, 0
259375, 125025, 0, 0
259500, 49489, 1, 0
259500, 104797, 0, 0
259625, 58120, 1, 0
259750, 122696, 0, 0
259875, 57020, 1, 0
260000, 77688, 0, 0
260125, 75535, 0, 0
260125, 58342, 1, 0
261125, 204027, 0, 0
261125, 38489, 1, 0
261375, 49017, 1, 0
261500, 56233, 1, 0
261750, 56676, 1, 0
262000, 38270, 1, 0
262125, 117017, 0, 0
262500, 91882, 1, 0
262625, 108593, 0, 0
262875, 110640, 0, 0
263125, 122744, 0, 0
263375, 203995, 0, 0
263500, 57125, 1, 0
263750, 52756, 1, 0
263875, 58016, 1, 0
264125, 73115, 1, 0
264375, 211479, 0, 0
265125, 81055, 1, 0
265375, 132992, 0, 0
265375, 32409, 1, 0
265500, 56109, 1, 0
265750, 56840, 1, 0
265875, 198351, 0, 0
266000, 48932, 1, 0
266125, 56961, 1, 0
266375, 45573, 1, 0
266625, 78575, 1, 0
266875, 107826, 0, 0
267000, 107385, 0, 0
267250, 163214, 0, 0
267625, 70349, 1, 0
268125, 48226, 1, 0
268250, 109506, 0, 0
268250, 61208, 1, 0
268500, 103481, 0, 0
268625, 144834, 0, 0
269250, 41674, 1, 0
269625, 85136, 0, 0
269750, 50757, 1, 0
269875, 129856, 0, 0
270375, 109257, 0, 0
270500, 178579, 0, 0
270750, 59456, 1, 0
270875, 60910, 1, 0
271500, 134252, 0, 0
271875, 63232, 1, 0
272000, 119740, 0, 0
272125, 129624, 0, 0
272375, 47241, 1, 0
272500, 55488, 1, 0
272625, 119344, 0, 0
272750, 48897, 1, 0
272875, 54869, 1, 0
273000, 59481, 1, 0
273125, 105034, 0, 0
273375, 126876, 0, 0
273500, 73323, 1, 0
273875, 116686, 0, 0
274125, 103218, 0, 0
274250, 114433, 0, 0
274500, 54509, 1, 0
274750, 116946, 0, 0
274750, 30720, 1, 0
275000, 128060, 0, 0
275250, 54916, 1, 0
275250, 151550, 0, 0
275500, 53810, 1, 0
275750, 54913, 1, 0
275875, 59104, 1, 0
276125, 85315, 1, 0
276250, 121713, 0, 0
276750, 121501, 0, 0
277000, 172320, 0, 0
277125, 59569, 1, 0
277375, 67624, 1, 0
277875, 61348, 1, 0
278000, 118841, 0, 0
278125, 58584, 0, 0
278375, 64560, 1, 0
278375, 88211, 0, 0
278625, 104920, 0, 0
278750, 57208, 0, 0
278875, 59492, 1, 0
279000, 113542, 0, 0
279375, 61825, 1, 0
279500, 49881, 1, 0
279500, 171905, 0, 0
279625, 74731, 1, 0
280500, 63853, 0, 0
280625, 51605, 1, 0
280750, 108710, 0, 0
280750, 43266, 1, 0
281000, 55341, 1, 0
281250, 58139, 1, 0
281250, 108420, 0, 0
281375, 60208, 0, 0
281500, 55676, 1, 0
281750, 56980, 1, 0
281875, 53952, 1, 0
281875, 77639, 0, 0
282125, 48096, 1, 0
282125, 87666, 0, 0
282250, 54356, 1, 0
282375, 128013, 0, 0
282500, 57725, 1, 0
282750, 47656, 1, 0
282875, 224910, 0, 0
283250, 51426, 1, 0
283750, 86955, 1, 0
283875, 123776, 0, 0
284125, 121840, 0, 0
284625, 74670, 0, 0
284750, 55493, 1, 0
284875, 66072, 1, 0
285125, 56368, 1, 0
285375, 58180, 1, 0
285625, 127968, 0, 0
285625, 44433, 1, 0
285875, 147355, 0, 0
286125, 119081, 1, 0
286875, 113577, 0, 0
287125, 113964, 0, 0
287125, 39685, 1, 0
287250, 48069, 1, 0
287375, 50662, 1, 0
287375, 86437, 0, 0
287875, 135524, 0, 0
288125, 102383, 0, 0
288375, 56636, 1, 0
288375, 37225, 0, 0
288625, 123184, 0, 0
288625, 36635, 1, 0
288885, 10861830, 1, 0
289000, 59973, 1, 0
289125, 106729, 0, 0
289250, 124612, 0, 0
289500, 55225, 1, 0
289750, 163533, 0, 0
289750, 55364, 1, 0
290750, 63388, 1, 0
290750, 93306, 0, 0
291000, 60865, 1, 0
291000, 143592, 0, 0
291250, 50401, 1, 0
291375, 55717, 1, 0
291625, 34733, 1, 0
291875, 78226, 1, 0
292000, 86390, 0, 0
292125, 74803, 1, 0
292250, 121773, 0, 0
292500, 199164, 0, 0
293125, 63972, 1, 0
293375, 58001, 1, 0
293500, 111198, 0, 0
293625, 49433, 1, 0
293750, 83406, 0, 0
293750, 40378, 1, 0
294000, 129053, 0, 0
294500, 128283, 0, 0
294750, 60788, 1, 0
294750, 57081, 0, 0
295000, 64409, 1, 0
295250, 54985, 1, 0
295500, 57720, 1, 0
295750, 127907, 0, 0
295750, 55349, 1, 0
295875, 97122, 0, 0
296250, 62740, 1, 0
296375, 122429, 0, 0
296500, 73003, 1, 0
296625, 198244, 0, 0
297500, 73128, 1, 0
297625, 110252, 0, 0
297875, 107273, 0, 0
298000, 54905, 1, 0
298125, 105697, 0, 0
298250, 48994, 1, 0
298375, 55428, 1, 0
298375, 165713, 0, 0
298500, 58000, 1, 0
298750, 80419, 1, 0
299375, 115123, 0, 0
299500, 105913, 0, 0
299750, 57477, 1, 0
299750, 86131, 0, 0
299875, 131495, 0, 0
300000, 60353, 1, 0
